2026-05-03 08:53:11,815 INFO o.a.j.u.JMeterUtils: Setting Locale to en_EN
2026-05-03 08:53:11,834 INFO o.a.j.JMeter: Loading user properties from: /workspaces/Jmeter-Lab/apache-jmeter-5.6.3/bin/user.properties
2026-05-03 08:53:11,834 INFO o.a.j.JMeter: Loading system properties from: /workspaces/Jmeter-Lab/apache-jmeter-5.6.3/bin/system.properties
2026-05-03 08:53:11,844 INFO o.a.j.JMeter: Copyright (c) 1998-2024 The Apache Software Foundation
2026-05-03 08:53:11,845 INFO o.a.j.JMeter: Version 5.6.3
2026-05-03 08:53:11,845 INFO o.a.j.JMeter: java.version=25.0.2
2026-05-03 08:53:11,845 INFO o.a.j.JMeter: java.vm.name=OpenJDK 64-Bit Server VM
2026-05-03 08:53:11,845 INFO o.a.j.JMeter: os.name=Linux
2026-05-03 08:53:11,846 INFO o.a.j.JMeter: os.arch=amd64
2026-05-03 08:53:11,846 INFO o.a.j.JMeter: os.version=6.8.0-1044-azure
2026-05-03 08:53:11,846 INFO o.a.j.JMeter: file.encoding=UTF-8
2026-05-03 08:53:11,847 INFO o.a.j.JMeter: java.awt.headless=true
2026-05-03 08:53:11,847 INFO o.a.j.JMeter: Max memory     =1073741824
2026-05-03 08:53:11,847 INFO o.a.j.JMeter: Available Processors =2
2026-05-03 08:53:11,866 INFO o.a.j.JMeter: Default Locale=English (EN)
2026-05-03 08:53:11,867 INFO o.a.j.JMeter: JMeter  Locale=English (EN)
2026-05-03 08:53:11,867 INFO o.a.j.JMeter: JMeterHome=/workspaces/Jmeter-Lab/apache-jmeter-5.6.3
2026-05-03 08:53:11,867 INFO o.a.j.JMeter: user.dir  =/workspaces/Jmeter-Lab
2026-05-03 08:53:11,867 INFO o.a.j.JMeter: PWD       =/workspaces/Jmeter-Lab
2026-05-03 08:53:11,868 INFO o.a.j.JMeter: IP: 127.0.0.1 Name: codespaces-c74fe2 FullName: localhost
2026-05-03 08:53:11,880 INFO o.a.j.JMeter: Setting property 'jmeter.reportgenerator.outputdir' to:'/workspaces/Jmeter-Lab/results/report'
2026-05-03 08:53:11,890 INFO o.a.j.s.FileServer: Default base='/workspaces/Jmeter-Lab'
2026-05-03 08:53:11,895 INFO o.a.j.s.FileServer: Set new base='/workspaces/Jmeter-Lab/tests'
2026-05-03 08:53:12,428 INFO o.a.j.s.SaveService: Testplan (JMX) version: 2.2. Testlog (JTL) version: 2.2
2026-05-03 08:53:12,470 INFO o.a.j.s.SaveService: Using SaveService properties version 5.0
2026-05-03 08:53:12,474 INFO o.a.j.s.SaveService: Using SaveService properties file encoding UTF-8
2026-05-03 08:53:12,478 INFO o.a.j.s.SaveService: Loading file: tests/test.jmx
2026-05-03 08:53:12,534 INFO o.a.j.p.h.s.HTTPSamplerBase: Parser for text/html is org.apache.jmeter.protocol.http.parser.LagartoBasedHtmlParser
2026-05-03 08:53:12,534 INFO o.a.j.p.h.s.HTTPSamplerBase: Parser for application/xhtml+xml is org.apache.jmeter.protocol.http.parser.LagartoBasedHtmlParser
2026-05-03 08:53:12,534 INFO o.a.j.p.h.s.HTTPSamplerBase: Parser for application/xml is org.apache.jmeter.protocol.http.parser.LagartoBasedHtmlParser
2026-05-03 08:53:12,535 INFO o.a.j.p.h.s.HTTPSamplerBase: Parser for text/xml is org.apache.jmeter.protocol.http.parser.LagartoBasedHtmlParser
2026-05-03 08:53:12,535 INFO o.a.j.p.h.s.HTTPSamplerBase: Parser for text/vnd.wap.wml is org.apache.jmeter.protocol.http.parser.RegexpHTMLParser
2026-05-03 08:53:12,535 INFO o.a.j.p.h.s.HTTPSamplerBase: Parser for text/css is org.apache.jmeter.protocol.http.parser.CssParser
2026-05-03 08:53:12,543 INFO o.a.j.JMeter: Creating summariser <summary>
2026-05-03 08:53:12,552 INFO o.a.j.r.d.ReportGenerator: ReportGenerator will use for Parsing the separator: ','
2026-05-03 08:53:12,552 INFO o.a.j.r.d.ReportGenerator: Will generate report at end of test from  results file: results/results.jtl
2026-05-03 08:53:12,552 INFO o.a.j.r.d.ReportGenerator: Reading report generator properties from: /workspaces/Jmeter-Lab/apache-jmeter-5.6.3/bin/reportgenerator.properties
2026-05-03 08:53:12,553 INFO o.a.j.r.d.ReportGenerator: Merging with JMeter properties
2026-05-03 08:53:12,557 INFO o.a.j.r.c.ReportGeneratorConfiguration: Property 'jmeter.reportgenerator.temp_dir' not found, using default value 'temp' instead.
2026-05-03 08:53:12,560 INFO o.a.j.r.c.ReportGeneratorConfiguration: Property 'jmeter.reportgenerator.apdex_per_transaction' not found, using default value 'null' instead.
2026-05-03 08:53:12,560 INFO o.a.j.r.c.ReportGeneratorConfiguration: apdex_per_transaction is empty, not APDEX per transaction customization
2026-05-03 08:53:12,560 INFO o.a.j.r.c.ReportGeneratorConfiguration: Property 'jmeter.reportgenerator.sample_filter' not found, using default value 'null' instead.
2026-05-03 08:53:12,560 INFO o.a.j.r.c.ReportGeneratorConfiguration: Property 'jmeter.reportgenerator.report_title' not found, using default value 'null' instead.
2026-05-03 08:53:12,561 INFO o.a.j.r.c.ReportGeneratorConfiguration: Property 'jmeter.reportgenerator.start_date' not found, using default value 'null' instead.
2026-05-03 08:53:12,561 INFO o.a.j.r.c.ReportGeneratorConfiguration: Property 'jmeter.reportgenerator.end_date' not found, using default value 'null' instead.
2026-05-03 08:53:12,561 INFO o.a.j.r.c.ReportGeneratorConfiguration: Property 'jmeter.reportgenerator.date_format' not found, using default value 'null' instead.
2026-05-03 08:53:12,562 INFO o.a.j.r.c.ReportGeneratorConfiguration: Will use date range start date: null, end date: null
2026-05-03 08:53:12,565 INFO o.a.j.r.c.ReportGeneratorConfiguration: Property 'jmeter.reportgenerator.graph.totalTPS.exclude_controllers' not found, using default value 'false' instead.
2026-05-03 08:53:12,566 INFO o.a.j.r.c.ReportGeneratorConfiguration: Property 'jmeter.reportgenerator.graph.activeThreadsOverTime.exclude_controllers' not found, using default value 'false' instead.
2026-05-03 08:53:12,566 INFO o.a.j.r.c.ReportGeneratorConfiguration: Property 'jmeter.reportgenerator.graph.timeVsThreads.exclude_controllers' not found, using default value 'false' instead.
2026-05-03 08:53:12,566 INFO o.a.j.r.c.ReportGeneratorConfiguration: Property 'jmeter.reportgenerator.graph.responseTimeDistribution.exclude_controllers' not found, using default value 'false' instead.
2026-05-03 08:53:12,566 INFO o.a.j.r.c.ReportGeneratorConfiguration: Property 'jmeter.reportgenerator.graph.transactionsPerSecond.exclude_controllers' not found, using default value 'false' instead.
2026-05-03 08:53:12,567 INFO o.a.j.r.c.ReportGeneratorConfiguration: Property 'jmeter.reportgenerator.graph.responseTimePercentiles.exclude_controllers' not found, using default value 'false' instead.
2026-05-03 08:53:12,567 INFO o.a.j.r.c.ReportGeneratorConfiguration: Property 'jmeter.reportgenerator.graph.responseTimePercentilesOverTime.exclude_controllers' not found, using default value 'false' instead.
2026-05-03 08:53:12,567 INFO o.a.j.r.c.ReportGeneratorConfiguration: Property 'jmeter.reportgenerator.graph.responseTimesOverTime.exclude_controllers' not found, using default value 'false' instead.
2026-05-03 08:53:12,568 INFO o.a.j.r.c.ReportGeneratorConfiguration: Property 'jmeter.reportgenerator.graph.connectTimeOverTime.exclude_controllers' not found, using default value 'false' instead.
2026-05-03 08:53:12,568 INFO o.a.j.r.c.ReportGeneratorConfiguration: Property 'jmeter.reportgenerator.graph.latenciesOverTime.exclude_controllers' not found, using default value 'false' instead.
2026-05-03 08:53:12,569 INFO o.a.j.r.c.ReportGeneratorConfiguration: Property 'jmeter.reportgenerator.exporter.json.filters_only_sample_series' not found, using default value 'true' instead.
2026-05-03 08:53:12,569 INFO o.a.j.r.c.ReportGeneratorConfiguration: Property 'jmeter.reportgenerator.exporter.json.series_filter' not found, using default value '' instead.
2026-05-03 08:53:12,569 INFO o.a.j.r.c.ReportGeneratorConfiguration: Property 'jmeter.reportgenerator.exporter.json.show_controllers_only' not found, using default value 'false' instead.
2026-05-03 08:53:12,570 INFO o.a.j.r.c.ReportGeneratorConfiguration: Property 'jmeter.reportgenerator.exporter.html.filters_only_sample_series' not found, using default value 'true' instead.
2026-05-03 08:53:12,570 INFO o.a.j.r.c.ReportGeneratorConfiguration: Property 'jmeter.reportgenerator.exporter.html.series_filter' not found, using default value '' instead.
2026-05-03 08:53:12,570 INFO o.a.j.r.c.ReportGeneratorConfiguration: Property 'jmeter.reportgenerator.exporter.html.show_controllers_only' not found, using default value 'false' instead.
2026-05-03 08:53:12,588 INFO o.a.j.e.StandardJMeterEngine: Running the test!
2026-05-03 08:53:12,589 INFO o.a.j.s.SampleEvent: List of sample_variables: []
2026-05-03 08:53:12,589 INFO o.a.j.s.SampleEvent: List of sample_variables: []
2026-05-03 08:53:12,595 INFO o.a.j.e.u.CompoundVariable: Note: Function class names must contain the string: '.functions.'
2026-05-03 08:53:12,595 INFO o.a.j.e.u.CompoundVariable: Note: Function class names must not contain the string: '.gui.'
2026-05-03 08:53:12,672 INFO o.a.j.JMeter: Running test (1777798392672)
2026-05-03 08:53:12,708 INFO o.a.j.e.StandardJMeterEngine: Starting ThreadGroup: 1 : Users
2026-05-03 08:53:12,708 INFO o.a.j.e.StandardJMeterEngine: Starting 5 threads for group Users.
2026-05-03 08:53:12,708 INFO o.a.j.e.StandardJMeterEngine: Thread will continue on error
2026-05-03 08:53:12,709 INFO o.a.j.t.ThreadGroup: Starting thread group... number=1 threads=5 ramp-up=1 delayedStart=false
2026-05-03 08:53:12,723 INFO o.a.j.t.ThreadGroup: Started thread group number 1
2026-05-03 08:53:12,724 INFO o.a.j.e.StandardJMeterEngine: All thread groups have been started
2026-05-03 08:53:12,725 ERROR o.a.j.t.JMeterThread: Test failed!
java.util.NoSuchElementException: Property ThreadGroup.main_controller is unset for element org.apache.jmeter.threads.ThreadGroup@93f478cf
	at org.apache.jmeter.testelement.TestElement.get(TestElement.kt:452) ~[ApacheJMeter_core.jar:5.6.3]
	at org.apache.jmeter.threads.AbstractThreadGroup.getSamplerController(AbstractThreadGroup.java:118) ~[ApacheJMeter_core.jar:5.6.3]
	at org.apache.jmeter.threads.AbstractThreadGroup.addTestElement(AbstractThreadGroup.java:140) ~[ApacheJMeter_core.jar:5.6.3]
	at org.apache.jmeter.threads.AbstractThreadGroup.addTestElementOnce(AbstractThreadGroup.java:150) ~[ApacheJMeter_core.jar:5.6.3]
	at org.apache.jmeter.threads.TestCompiler.subtractNode(TestCompiler.java:153) ~[ApacheJMeter_core.jar:5.6.3]
	at org.apache.jorphan.collections.HashTree.traverseInto(HashTree.java:1033) ~[jorphan.jar:5.6.3]
	at org.apache.jorphan.collections.HashTree.traverseInto(HashTree.java:1030) ~[jorphan.jar:5.6.3]
	at org.apache.jorphan.collections.HashTree.traverse(HashTree.java:1012) ~[jorphan.jar:5.6.3]
	at org.apache.jmeter.threads.JMeterThread.initRun(JMeterThread.java:737) ~[ApacheJMeter_core.jar:5.6.3]
	at org.apache.jmeter.threads.JMeterThread.run(JMeterThread.java:264) [ApacheJMeter_core.jar:5.6.3]
	at java.base/java.lang.Thread.run(Thread.java:1474) [?:?]
2026-05-03 08:53:12,740 INFO o.a.j.t.JMeterThread: Thread finished: Users 1-4
2026-05-03 08:53:12,716 ERROR o.a.j.t.JMeterThread: Test failed!
java.util.NoSuchElementException: Property ThreadGroup.main_controller is unset for element org.apache.jmeter.threads.ThreadGroup@93f478cf
	at org.apache.jmeter.testelement.TestElement.get(TestElement.kt:452) ~[ApacheJMeter_core.jar:5.6.3]
	at org.apache.jmeter.threads.AbstractThreadGroup.getSamplerController(AbstractThreadGroup.java:118) ~[ApacheJMeter_core.jar:5.6.3]
	at org.apache.jmeter.threads.AbstractThreadGroup.addTestElement(AbstractThreadGroup.java:140) ~[ApacheJMeter_core.jar:5.6.3]
	at org.apache.jmeter.threads.AbstractThreadGroup.addTestElementOnce(AbstractThreadGroup.java:150) ~[ApacheJMeter_core.jar:5.6.3]
	at org.apache.jmeter.threads.TestCompiler.subtractNode(TestCompiler.java:153) ~[ApacheJMeter_core.jar:5.6.3]
	at org.apache.jorphan.collections.HashTree.traverseInto(HashTree.java:1033) ~[jorphan.jar:5.6.3]
	at org.apache.jorphan.collections.HashTree.traverseInto(HashTree.java:1030) ~[jorphan.jar:5.6.3]
	at org.apache.jorphan.collections.HashTree.traverse(HashTree.java:1012) ~[jorphan.jar:5.6.3]
	at org.apache.jmeter.threads.JMeterThread.initRun(JMeterThread.java:737) ~[ApacheJMeter_core.jar:5.6.3]
	at org.apache.jmeter.threads.JMeterThread.run(JMeterThread.java:264) [ApacheJMeter_core.jar:5.6.3]
	at java.base/java.lang.Thread.run(Thread.java:1474) [?:?]
2026-05-03 08:53:12,741 INFO o.a.j.t.JMeterThread: Thread finished: Users 1-3
2026-05-03 08:53:12,718 ERROR o.a.j.t.JMeterThread: Test failed!
java.util.NoSuchElementException: Property ThreadGroup.main_controller is unset for element org.apache.jmeter.threads.ThreadGroup@93f478cf
	at org.apache.jmeter.testelement.TestElement.get(TestElement.kt:452) ~[ApacheJMeter_core.jar:5.6.3]
	at org.apache.jmeter.threads.AbstractThreadGroup.getSamplerController(AbstractThreadGroup.java:118) ~[ApacheJMeter_core.jar:5.6.3]
	at org.apache.jmeter.threads.AbstractThreadGroup.addTestElement(AbstractThreadGroup.java:140) ~[ApacheJMeter_core.jar:5.6.3]
	at org.apache.jmeter.threads.AbstractThreadGroup.addTestElementOnce(AbstractThreadGroup.java:150) ~[ApacheJMeter_core.jar:5.6.3]
	at org.apache.jmeter.threads.TestCompiler.subtractNode(TestCompiler.java:153) ~[ApacheJMeter_core.jar:5.6.3]
	at org.apache.jorphan.collections.HashTree.traverseInto(HashTree.java:1033) ~[jorphan.jar:5.6.3]
	at org.apache.jorphan.collections.HashTree.traverseInto(HashTree.java:1030) ~[jorphan.jar:5.6.3]
	at org.apache.jorphan.collections.HashTree.traverse(HashTree.java:1012) ~[jorphan.jar:5.6.3]
	at org.apache.jmeter.threads.JMeterThread.initRun(JMeterThread.java:737) ~[ApacheJMeter_core.jar:5.6.3]
	at org.apache.jmeter.threads.JMeterThread.run(JMeterThread.java:264) [ApacheJMeter_core.jar:5.6.3]
	at java.base/java.lang.Thread.run(Thread.java:1474) [?:?]
2026-05-03 08:53:12,742 INFO o.a.j.t.JMeterThread: Thread finished: Users 1-1
2026-05-03 08:53:12,718 ERROR o.a.j.t.JMeterThread: Test failed!
java.util.NoSuchElementException: Property ThreadGroup.main_controller is unset for element org.apache.jmeter.threads.ThreadGroup@93f478cf
	at org.apache.jmeter.testelement.TestElement.get(TestElement.kt:452) ~[ApacheJMeter_core.jar:5.6.3]
	at org.apache.jmeter.threads.AbstractThreadGroup.getSamplerController(AbstractThreadGroup.java:118) ~[ApacheJMeter_core.jar:5.6.3]
	at org.apache.jmeter.threads.AbstractThreadGroup.addTestElement(AbstractThreadGroup.java:140) ~[ApacheJMeter_core.jar:5.6.3]
	at org.apache.jmeter.threads.AbstractThreadGroup.addTestElementOnce(AbstractThreadGroup.java:150) ~[ApacheJMeter_core.jar:5.6.3]
	at org.apache.jmeter.threads.TestCompiler.subtractNode(TestCompiler.java:153) ~[ApacheJMeter_core.jar:5.6.3]
	at org.apache.jorphan.collections.HashTree.traverseInto(HashTree.java:1033) ~[jorphan.jar:5.6.3]
	at org.apache.jorphan.collections.HashTree.traverseInto(HashTree.java:1030) ~[jorphan.jar:5.6.3]
	at org.apache.jorphan.collections.HashTree.traverse(HashTree.java:1012) ~[jorphan.jar:5.6.3]
	at org.apache.jmeter.threads.JMeterThread.initRun(JMeterThread.java:737) ~[ApacheJMeter_core.jar:5.6.3]
	at org.apache.jmeter.threads.JMeterThread.run(JMeterThread.java:264) [ApacheJMeter_core.jar:5.6.3]
	at java.base/java.lang.Thread.run(Thread.java:1474) [?:?]
2026-05-03 08:53:12,742 INFO o.a.j.t.JMeterThread: Thread finished: Users 1-2
2026-05-03 08:53:12,723 ERROR o.a.j.t.JMeterThread: Test failed!
java.util.NoSuchElementException: Property ThreadGroup.main_controller is unset for element org.apache.jmeter.threads.ThreadGroup@93f478cf
	at org.apache.jmeter.testelement.TestElement.get(TestElement.kt:452) ~[ApacheJMeter_core.jar:5.6.3]
	at org.apache.jmeter.threads.AbstractThreadGroup.getSamplerController(AbstractThreadGroup.java:118) ~[ApacheJMeter_core.jar:5.6.3]
	at org.apache.jmeter.threads.AbstractThreadGroup.addTestElement(AbstractThreadGroup.java:140) ~[ApacheJMeter_core.jar:5.6.3]
	at org.apache.jmeter.threads.AbstractThreadGroup.addTestElementOnce(AbstractThreadGroup.java:150) ~[ApacheJMeter_core.jar:5.6.3]
	at org.apache.jmeter.threads.TestCompiler.subtractNode(TestCompiler.java:153) ~[ApacheJMeter_core.jar:5.6.3]
	at org.apache.jorphan.collections.HashTree.traverseInto(HashTree.java:1033) ~[jorphan.jar:5.6.3]
	at org.apache.jorphan.collections.HashTree.traverseInto(HashTree.java:1030) ~[jorphan.jar:5.6.3]
	at org.apache.jorphan.collections.HashTree.traverse(HashTree.java:1012) ~[jorphan.jar:5.6.3]
	at org.apache.jmeter.threads.JMeterThread.initRun(JMeterThread.java:737) ~[ApacheJMeter_core.jar:5.6.3]
	at org.apache.jmeter.threads.JMeterThread.run(JMeterThread.java:264) [ApacheJMeter_core.jar:5.6.3]
	at java.base/java.lang.Thread.run(Thread.java:1474) [?:?]
2026-05-03 08:53:12,743 INFO o.a.j.t.JMeterThread: Thread finished: Users 1-5
2026-05-03 08:53:12,743 INFO o.a.j.e.StandardJMeterEngine: Notifying test listeners of end of test
2026-05-03 08:53:12,747 INFO o.a.j.r.Summariser: summary =      0 in 00:00:00 = ******/s Avg:     0 Min: 9223372036854775807 Max: -9223372036854775808 Err:     0 (0.00%)
2026-05-03 08:53:12,751 INFO o.a.j.JMeter: Generating Dashboard
2026-05-03 08:53:12,754 INFO o.a.j.r.d.ReportGenerator: Flushing result collector before report Generation
2026-05-03 08:53:12,796 INFO o.a.j.r.p.NormalizerSampleConsumer: Using format, 'ms', to parse timeStamp field
2026-05-03 08:53:12,873 INFO o.a.j.r.p.AbstractSampleConsumer: class org.apache.jmeter.report.processor.AggregateConsumer#stopProducing(): beginDate produced 0 samples
2026-05-03 08:53:12,876 INFO o.a.j.r.p.AbstractSampleConsumer: class org.apache.jmeter.report.processor.AggregateConsumer#stopProducing(): endDate produced 0 samples
2026-05-03 08:53:12,879 INFO o.a.j.r.p.AbstractSampleConsumer: class org.apache.jmeter.report.processor.ApdexSummaryConsumer#stopProducing(): apdexSummary produced 0 samples
2026-05-03 08:53:12,879 INFO o.a.j.r.p.AbstractSampleConsumer: class org.apache.jmeter.report.processor.RequestsSummaryConsumer#stopProducing(): requestsSummary produced 0 samples
2026-05-03 08:53:12,879 INFO o.a.j.r.p.AbstractSampleConsumer: class org.apache.jmeter.report.processor.StatisticsSummaryConsumer#stopProducing(): statisticsSummary produced 0 samples
2026-05-03 08:53:12,880 INFO o.a.j.r.p.AbstractSampleConsumer: class org.apache.jmeter.report.processor.Top5ErrorsBySamplerConsumer#stopProducing(): top5ErrorsBySampler produced 0 samples
2026-05-03 08:53:12,880 INFO o.a.j.r.p.AbstractSampleConsumer: class org.apache.jmeter.report.processor.ErrorsSummaryConsumer#stopProducing(): errorsSummary produced 0 samples
2026-05-03 08:53:12,880 INFO o.a.j.r.p.AbstractSampleConsumer: class org.apache.jmeter.report.processor.graph.impl.HitsPerSecondGraphConsumer#stopProducing(): hitsPerSecond produced 0 samples
2026-05-03 08:53:12,893 INFO o.a.j.r.p.AbstractSampleConsumer: class org.apache.jmeter.report.processor.graph.impl.LatencyVSRequestGraphConsumer#stopProducing(): latencyVsRequest produced 0 samples
2026-05-03 08:53:12,894 INFO o.a.j.r.p.AbstractSampleConsumer: class org.apache.jmeter.report.processor.graph.impl.SyntheticResponseTimeDistributionGraphConsumer#stopProducing(): syntheticResponseTimeDistribution produced 0 samples
2026-05-03 08:53:12,895 INFO o.a.j.r.p.AbstractSampleConsumer: class org.apache.jmeter.report.processor.graph.impl.BytesThroughputGraphConsumer#stopProducing(): bytesThroughputOverTime produced 0 samples
2026-05-03 08:53:12,899 INFO o.a.j.r.p.AbstractSampleConsumer: class org.apache.jmeter.report.processor.graph.impl.CodesPerSecondGraphConsumer#stopProducing(): codesPerSecond produced 0 samples
2026-05-03 08:53:12,901 INFO o.a.j.r.p.AbstractSampleConsumer: class org.apache.jmeter.report.processor.graph.impl.ResponseTimeVSRequestGraphConsumer#stopProducing(): responseTimeVsRequest produced 0 samples
2026-05-03 08:53:12,901 INFO o.a.j.r.p.AbstractSampleConsumer: class org.apache.jmeter.report.processor.FilterConsumer#stopProducing(): startIntervalControlerFilter produced 0 samples
2026-05-03 08:53:12,902 INFO o.a.j.r.p.AbstractSampleConsumer: class org.apache.jmeter.report.processor.graph.impl.TotalTPSGraphConsumer#stopProducing(): totalTPS produced 0 samples
2026-05-03 08:53:12,902 INFO o.a.j.r.p.AbstractSampleConsumer: class org.apache.jmeter.report.processor.graph.impl.ActiveThreadsGraphConsumer#stopProducing(): activeThreadsOverTime produced 0 samples
2026-05-03 08:53:12,903 INFO o.a.j.r.p.AbstractSampleConsumer: class org.apache.jmeter.report.processor.graph.impl.TimeVSThreadGraphConsumer#stopProducing(): timeVsThreads produced 0 samples
2026-05-03 08:53:12,903 INFO o.a.j.r.p.AbstractSampleConsumer: class org.apache.jmeter.report.processor.graph.impl.ResponseTimeDistributionGraphConsumer#stopProducing(): responseTimeDistribution produced 0 samples
2026-05-03 08:53:12,906 INFO o.a.j.r.p.AbstractSampleConsumer: class org.apache.jmeter.report.processor.graph.impl.TransactionsPerSecondGraphConsumer#stopProducing(): transactionsPerSecond produced 0 samples
2026-05-03 08:53:12,906 INFO o.a.j.r.p.AbstractSampleConsumer: class org.apache.jmeter.report.processor.graph.impl.ResponseTimePercentilesGraphConsumer#stopProducing(): responseTimePercentiles produced 0 samples
2026-05-03 08:53:12,906 INFO o.a.j.r.p.AbstractSampleConsumer: class org.apache.jmeter.report.processor.graph.impl.ResponseTimePercentilesOverTimeGraphConsumer#stopProducing(): responseTimePercentilesOverTime produced 0 samples
2026-05-03 08:53:12,906 INFO o.a.j.r.p.AbstractSampleConsumer: class org.apache.jmeter.report.processor.graph.impl.ResponseTimeOverTimeGraphConsumer#stopProducing(): responseTimesOverTime produced 0 samples
2026-05-03 08:53:12,907 INFO o.a.j.r.p.AbstractSampleConsumer: class org.apache.jmeter.report.processor.graph.impl.ConnectTimeOverTimeGraphConsumer#stopProducing(): connectTimeOverTime produced 0 samples
2026-05-03 08:53:12,907 INFO o.a.j.r.p.AbstractSampleConsumer: class org.apache.jmeter.report.processor.graph.impl.LatencyOverTimeGraphConsumer#stopProducing(): latenciesOverTime produced 0 samples
2026-05-03 08:53:12,907 INFO o.a.j.r.p.AbstractSampleConsumer: class org.apache.jmeter.report.processor.FilterConsumer#stopProducing(): nameFilter produced 0 samples
2026-05-03 08:53:12,907 INFO o.a.j.r.p.AbstractSampleConsumer: class org.apache.jmeter.report.processor.FilterConsumer#stopProducing(): dateRangeFilter produced 0 samples
2026-05-03 08:53:12,908 INFO o.a.j.r.p.AbstractSampleConsumer: class org.apache.jmeter.report.processor.NormalizerSampleConsumer#stopProducing(): normalizer produced 0 samples
2026-05-03 08:53:12,908 INFO o.a.j.r.p.CsvFileSampleSource: produce(): 0 samples produced in 63ms on channel 0
2026-05-03 08:53:12,910 INFO o.a.j.r.d.ReportGenerator: Exporting data using exporter:'json' of className:'org.apache.jmeter.report.dashboard.JsonExporter'
2026-05-03 08:53:12,997 INFO o.a.j.r.d.JsonExporter: Found data for consumer statisticsSummary in context
2026-05-03 08:53:12,997 INFO o.a.j.r.d.JsonExporter: Creating statistics for overall
2026-05-03 08:53:12,998 ERROR o.a.j.JMeter: Error generating the report: Cannot invoke "org.apache.jmeter.report.processor.MapResultData.getResult(String)" because "resultData" is null
java.lang.NullPointerException: Cannot invoke "org.apache.jmeter.report.processor.MapResultData.getResult(String)" because "resultData" is null
	at org.apache.jmeter.report.dashboard.JsonExporter.createStatistic(JsonExporter.java:126) ~[ApacheJMeter_core.jar:5.6.3]
	at org.apache.jmeter.report.dashboard.JsonExporter.export(JsonExporter.java:77) ~[ApacheJMeter_core.jar:5.6.3]
	at org.apache.jmeter.report.dashboard.ReportGenerator.exportData(ReportGenerator.java:383) ~[ApacheJMeter_core.jar:5.6.3]
	at org.apache.jmeter.report.dashboard.ReportGenerator.generate(ReportGenerator.java:261) ~[ApacheJMeter_core.jar:5.6.3]
	at org.apache.jmeter.JMeter$ListenToTest.endTest(JMeter.java:1285) [ApacheJMeter_core.jar:5.6.3]
	at org.apache.jmeter.JMeter$ListenToTest.testEnded(JMeter.java:1240) [ApacheJMeter_core.jar:5.6.3]
	at org.apache.jmeter.engine.StandardJMeterEngine.notifyTestListenersOfEnd(StandardJMeterEngine.java:266) [ApacheJMeter_core.jar:5.6.3]
	at org.apache.jmeter.engine.StandardJMeterEngine.run(StandardJMeterEngine.java:543) [ApacheJMeter_core.jar:5.6.3]
	at java.base/java.util.concurrent.Executors$RunnableAdapter.call(Executors.java:545) [?:?]
	at java.base/java.util.concurrent.FutureTask.run(FutureTask.java:328) [?:?]
	at java.base/java.util.concurrent.ThreadPoolExecutor.runWorker(ThreadPoolExecutor.java:1090) [?:?]
	at java.base/java.util.concurrent.ThreadPoolExecutor$Worker.run(ThreadPoolExecutor.java:614) [?:?]
	at java.base/java.lang.Thread.run(Thread.java:1474) [?:?]
