2026-05-03 11:11:11,735 INFO o.a.j.u.JMeterUtils: Setting Locale to en_EN
2026-05-03 11:11:11,755 INFO o.a.j.JMeter: Loading user properties from: user.properties
2026-05-03 11:11:11,755 INFO o.a.j.JMeter: Loading system properties from: system.properties
2026-05-03 11:11:11,762 INFO o.a.j.JMeter: Copyright (c) 1998-2024 The Apache Software Foundation
2026-05-03 11:11:11,762 INFO o.a.j.JMeter: Version 5.6.3
2026-05-03 11:11:11,762 INFO o.a.j.JMeter: java.version=25.0.2
2026-05-03 11:11:11,762 INFO o.a.j.JMeter: java.vm.name=OpenJDK 64-Bit Server VM
2026-05-03 11:11:11,762 INFO o.a.j.JMeter: os.name=Linux
2026-05-03 11:11:11,763 INFO o.a.j.JMeter: os.arch=amd64
2026-05-03 11:11:11,763 INFO o.a.j.JMeter: os.version=6.8.0-1044-azure
2026-05-03 11:11:11,763 INFO o.a.j.JMeter: file.encoding=UTF-8
2026-05-03 11:11:11,763 INFO o.a.j.JMeter: java.awt.headless=true
2026-05-03 11:11:11,763 INFO o.a.j.JMeter: Max memory     =1073741824
2026-05-03 11:11:11,763 INFO o.a.j.JMeter: Available Processors =2
2026-05-03 11:11:11,779 INFO o.a.j.JMeter: Default Locale=English (EN)
2026-05-03 11:11:11,780 INFO o.a.j.JMeter: JMeter  Locale=English (EN)
2026-05-03 11:11:11,780 INFO o.a.j.JMeter: JMeterHome=/workspaces/Jmeter-Lab/apache-jmeter-5.6.3
2026-05-03 11:11:11,780 INFO o.a.j.JMeter: user.dir  =/workspaces/Jmeter-Lab/apache-jmeter-5.6.3/bin
2026-05-03 11:11:11,780 INFO o.a.j.JMeter: PWD       =/workspaces/Jmeter-Lab/apache-jmeter-5.6.3/bin
2026-05-03 11:11:11,781 INFO o.a.j.JMeter: IP: 127.0.0.1 Name: codespaces-c74fe2 FullName: localhost
2026-05-03 11:11:11,794 INFO o.a.j.JMeter: Setting property 'jmeter.reportgenerator.outputdir' to:'/workspaces/Jmeter-Lab/apache-jmeter-5.6.3/bin/../TestResults/RealWebsite1_report'
2026-05-03 11:11:11,797 INFO o.a.j.s.FileServer: Default base='/workspaces/Jmeter-Lab/apache-jmeter-5.6.3/bin'
2026-05-03 11:11:11,798 INFO o.a.j.s.FileServer: Set new base='/workspaces/Jmeter-Lab/tests'
2026-05-03 11:11:12,273 INFO o.a.j.s.SaveService: Testplan (JMX) version: 2.2. Testlog (JTL) version: 2.2
2026-05-03 11:11:12,313 INFO o.a.j.s.SaveService: Using SaveService properties version 5.0
2026-05-03 11:11:12,318 INFO o.a.j.s.SaveService: Using SaveService properties file encoding UTF-8
2026-05-03 11:11:12,322 INFO o.a.j.s.SaveService: Loading file: /workspaces/Jmeter-Lab/tests/TestRealWebsite.jmx
2026-05-03 11:11:12,396 INFO o.a.j.p.h.s.HTTPSamplerBase: Parser for text/html is org.apache.jmeter.protocol.http.parser.LagartoBasedHtmlParser
2026-05-03 11:11:12,396 INFO o.a.j.p.h.s.HTTPSamplerBase: Parser for application/xhtml+xml is org.apache.jmeter.protocol.http.parser.LagartoBasedHtmlParser
2026-05-03 11:11:12,396 INFO o.a.j.p.h.s.HTTPSamplerBase: Parser for application/xml is org.apache.jmeter.protocol.http.parser.LagartoBasedHtmlParser
2026-05-03 11:11:12,396 INFO o.a.j.p.h.s.HTTPSamplerBase: Parser for text/xml is org.apache.jmeter.protocol.http.parser.LagartoBasedHtmlParser
2026-05-03 11:11:12,396 INFO o.a.j.p.h.s.HTTPSamplerBase: Parser for text/vnd.wap.wml is org.apache.jmeter.protocol.http.parser.RegexpHTMLParser
2026-05-03 11:11:12,397 INFO o.a.j.p.h.s.HTTPSamplerBase: Parser for text/css is org.apache.jmeter.protocol.http.parser.CssParser
2026-05-03 11:11:12,410 INFO o.a.j.JMeter: Creating summariser <summary>
2026-05-03 11:11:12,434 INFO o.a.j.r.d.ReportGenerator: ReportGenerator will use for Parsing the separator: ','
2026-05-03 11:11:12,435 ERROR o.a.j.JMeter: Error in NonGUIDriver
java.lang.IllegalArgumentException: Results file:results.jtl is not empty
	at org.apache.jmeter.report.dashboard.ReportGenerator.<init>(ReportGenerator.java:140) ~[ApacheJMeter_core.jar:5.6.3]
	at org.apache.jmeter.JMeter.runNonGui(JMeter.java:1007) [ApacheJMeter_core.jar:5.6.3]
	at org.apache.jmeter.JMeter.startNonGui(JMeter.java:940) [ApacheJMeter_core.jar:5.6.3]
	at org.apache.jmeter.JMeter.start(JMeter.java:508) [ApacheJMeter_core.jar:5.6.3]
	at java.base/jdk.internal.reflect.DirectMethodHandleAccessor.invoke(DirectMethodHandleAccessor.java:104) ~[?:?]
	at java.base/java.lang.reflect.Method.invoke(Method.java:565) ~[?:?]
	at org.apache.jmeter.NewDriver.main(NewDriver.java:259) [ApacheJMeter.jar:5.6.3]
2026-05-03 11:11:12,449 ERROR o.a.j.JMeter: An error occurred: 
org.apache.jmeter.report.config.ConfigurationException: Error in NonGUIDriver Results file:results.jtl is not empty
	at org.apache.jmeter.JMeter.runNonGui(JMeter.java:1049) ~[ApacheJMeter_core.jar:5.6.3]
	at org.apache.jmeter.JMeter.startNonGui(JMeter.java:940) ~[ApacheJMeter_core.jar:5.6.3]
	at org.apache.jmeter.JMeter.start(JMeter.java:508) [ApacheJMeter_core.jar:5.6.3]
	at java.base/jdk.internal.reflect.DirectMethodHandleAccessor.invoke(DirectMethodHandleAccessor.java:104) ~[?:?]
	at java.base/java.lang.reflect.Method.invoke(Method.java:565) ~[?:?]
	at org.apache.jmeter.NewDriver.main(NewDriver.java:259) [ApacheJMeter.jar:5.6.3]
Caused by: java.lang.IllegalArgumentException: Results file:results.jtl is not empty
	at org.apache.jmeter.report.dashboard.ReportGenerator.<init>(ReportGenerator.java:140) ~[ApacheJMeter_core.jar:5.6.3]
	at org.apache.jmeter.JMeter.runNonGui(JMeter.java:1007) ~[ApacheJMeter_core.jar:5.6.3]
	... 5 more
